# JRE version: Java(TM) SE Runtime Environment (14.0.1+7) (build 14.0.1+7)
# Java VM: Java HotSpot(TM) 64-Bit Server VM (14.0.1+7, mixed mode, sharing, tiered, compressed oops, g1 gc, bsd-amd64)
Heap:
 garbage-first heap   total 245760K, used 118784K [0x0000000780000000, 0x0000000800000000)
  region size 1024K, 27 young (27648K), 2 survivors (2048K)
 Metaspace       used 29035K, capacity 29530K, committed 30128K, reserved 1075200K
  class space    used 3332K, capacity 3489K, committed 3584K, reserved 1048576K
GC Heap History (20 events):
Event: 15.096 GC heap before
{Heap before GC invocations=30 (full 0):
 garbage-first heap   total 83968K, used 55636K [0x0000000780000000, 0x0000000800000000)
  region size 1024K, 22 young (22528K), 3 survivors (3072K)
 Metaspace       used 27889K, capacity 28326K, committed 28976K, reserved 1075200K
  class space    used 3239K, capacity 3372K, committed 3456K, reserved 1048576K
}
Event: 15.099 GC heap after
{Heap after GC invocations=31 (full 0):
 garbage-first heap   total 83968K, used 40241K [0x0000000780000000, 0x0000000800000000)
  region size 1024K, 4 young (4096K), 4 survivors (4096K)
 Metaspace       used 27889K, capacity 28326K, committed 28976K, reserved 1075200K
  class space    used 3239K, capacity 3372K, committed 3456K, reserved 1048576K
}
Event: 16.543 GC heap before
{Heap before GC invocations=32 (full 0):
 garbage-first heap   total 243712K, used 220465K [0x0000000780000000, 0x0000000800000000)
  region size 1024K, 26 young (26624K), 4 survivors (4096K)
 Metaspace       used 28009K, capacity 28460K, committed 29232K, reserved 1075200K
  class space    used 3244K, capacity 3373K, committed 3456K, reserved 1048576K
}
Event: 16.545 GC heap after
{Heap after GC invocations=33 (full 0):
 garbage-first heap   total 243712K, used 195813K [0x0000000780000000, 0x0000000800000000)
  region size 1024K, 2 young (2048K), 2 survivors (2048K)
 Metaspace       used 28009K, capacity 28460K, committed 29232K, reserved 1075200K
  class space    used 3244K, capacity 3373K, committed 3456K, reserved 1048576K
}
Event: 16.767 GC heap before
{Heap before GC invocations=33 (full 0):
 garbage-first heap   total 243712K, used 204005K [0x0000000780000000, 0x0000000800000000)
  region size 1024K, 11 young (11264K), 2 survivors (2048K)
 Metaspace       used 28319K, capacity 28775K, committed 29488K, reserved 1075200K
  class space    used 3278K, capacity 3416K, committed 3456K, reserved 1048576K
}
Event: 16.771 GC heap after
{Heap after GC invocations=34 (full 0):
 garbage-first heap   total 243712K, used 199291K [0x0000000780000000, 0x0000000800000000)
  region size 1024K, 2 young (2048K), 2 survivors (2048K)
 Metaspace       used 28319K, capacity 28775K, committed 29488K, reserved 1075200K
  class space    used 3278K, capacity 3416K, committed 3456K, reserved 1048576K
}
Event: 16.810 GC heap before
{Heap before GC invocations=34 (full 0):
 garbage-first heap   total 243712K, used 199291K [0x0000000780000000, 0x0000000800000000)
  region size 1024K, 3 young (3072K), 2 survivors (2048K)
 Metaspace       used 28384K, capacity 28775K, committed 29488K, reserved 1075200K
  class space    used 3284K, capacity 3416K, committed 3456K, reserved 1048576K
}
Event: 16.813 GC heap after
{Heap after GC invocations=35 (full 0):
 garbage-first heap   total 243712K, used 199593K [0x0000000780000000, 0x0000000800000000)
  region size 1024K, 1 young (1024K), 1 survivors (1024K)
 Metaspace       used 28384K, capacity 28775K, committed 29488K, reserved 1075200K
  class space    used 3284K, capacity 3416K, committed 3456K, reserved 1048576K
}
Event: 16.955 GC heap before
{Heap before GC invocations=35 (full 0):
 garbage-first heap   total 352256K, used 209833K [0x0000000780000000, 0x0000000800000000)
  region size 1024K, 11 young (11264K), 1 survivors (1024K)
 Metaspace       used 28461K, capacity 28935K, committed 29616K, reserved 1075200K
  class space    used 3293K, capacity 3448K, committed 3584K, reserved 1048576K
}
Event: 16.958 GC heap after
{Heap after GC invocations=36 (full 0):
 garbage-first heap   total 352256K, used 205309K [0x0000000780000000, 0x0000000800000000)
  region size 1024K, 2 young (2048K), 2 survivors (2048K)
 Metaspace       used 28461K, capacity 28935K, committed 29616K, reserved 1075200K
  class space    used 3293K, capacity 3448K, committed 3584K, reserved 1048576K
}
Event: 17.308 GC heap before
{Heap before GC invocations=37 (full 0):
 garbage-first heap   total 352256K, used 231933K [0x0000000780000000, 0x0000000800000000)
  region size 1024K, 30 young (30720K), 2 survivors (2048K)
 Metaspace       used 28700K, capacity 29223K, committed 29872K, reserved 1075200K
  class space    used 3320K, capacity 3480K, committed 3584K, reserved 1048576K
}
Event: 17.318 GC heap after
{Heap after GC invocations=38 (full 0):
 garbage-first heap   total 352256K, used 58272K [0x0000000780000000, 0x0000000800000000)
  region size 1024K, 6 young (6144K), 6 survivors (6144K)
 Metaspace       used 28700K, capacity 29223K, committed 29872K, reserved 1075200K
  class space    used 3320K, capacity 3480K, committed 3584K, reserved 1048576K
}
Event: 18.161 GC heap before
{Heap before GC invocations=39 (full 0):
 garbage-first heap   total 245760K, used 102304K [0x0000000780000000, 0x0000000800000000)
  region size 1024K, 43 young (44032K), 6 survivors (6144K)
 Metaspace       used 28790K, capacity 29235K, committed 29872K, reserved 1075200K
  class space    used 3325K, capacity 3482K, committed 3584K, reserved 1048576K
}
Event: 18.168 GC heap after
{Heap after GC invocations=40 (full 0):
 garbage-first heap   total 245760K, used 65693K [0x0000000780000000, 0x0000000800000000)
  region size 1024K, 6 young (6144K), 6 survivors (6144K)
 Metaspace       used 28790K, capacity 29235K, committed 29872K, reserved 1075200K
  class space    used 3325K, capacity 3482K, committed 3584K, reserved 1048576K
}
Event: 18.429 GC heap before
{Heap before GC invocations=40 (full 0):
 garbage-first heap   total 245760K, used 104605K [0x0000000780000000, 0x0000000800000000)
  region size 1024K, 43 young (44032K), 6 survivors (6144K)
 Metaspace       used 28809K, capacity 29238K, committed 29872K, reserved 1075200K
  class space    used 3325K, capacity 3483K, committed 3584K, reserved 1048576K
}
Event: 18.438 GC heap after
{Heap after GC invocations=41 (full 0):
 garbage-first heap   total 245760K, used 79776K [0x0000000780000000, 0x0000000800000000)
  region size 1024K, 6 young (6144K), 6 survivors (6144K)
 Metaspace       used 28809K, capacity 29238K, committed 29872K, reserved 1075200K
  class space    used 3325K, capacity 3483K, committed 3584K, reserved 1048576K
}
Event: 19.214 GC heap before
{Heap before GC invocations=41 (full 0):
 garbage-first heap   total 245760K, used 126880K [0x0000000780000000, 0x0000000800000000)
  region size 1024K, 49 young (50176K), 6 survivors (6144K)
 Metaspace       used 28884K, capacity 29314K, committed 29872K, reserved 1075200K
  class space    used 3329K, capacity 3485K, committed 3584K, reserved 1048576K
}
Event: 19.220 GC heap after
{Heap after GC invocations=42 (full 0):
 garbage-first heap   total 245760K, used 85853K [0x0000000780000000, 0x0000000800000000)
  region size 1024K, 7 young (7168K), 7 survivors (7168K)
 Metaspace       used 28884K, capacity 29314K, committed 29872K, reserved 1075200K
  class space    used 3329K, capacity 3485K, committed 3584K, reserved 1048576K
}
Event: 22.251 GC heap before
{Heap before GC invocations=42 (full 0):
 garbage-first heap   total 245760K, used 185181K [0x0000000780000000, 0x0000000800000000)
  region size 1024K, 103 young (105472K), 7 survivors (7168K)
 Metaspace       used 29005K, capacity 29460K, committed 30128K, reserved 1075200K
  class space    used 3332K, capacity 3488K, committed 3584K, reserved 1048576K
}
Event: 22.254 GC heap after
{Heap after GC invocations=43 (full 0):
 garbage-first heap   total 245760K, used 86016K [0x0000000780000000, 0x0000000800000000)
  region size 1024K, 2 young (2048K), 2 survivors (2048K)
 Metaspace       used 29005K, capacity 29460K, committed 30128K, reserved 1075200K
  class space    used 3332K, capacity 3488K, committed 3584K, reserved 1048576K
}

